<?xml version="1.0" encoding="UTF-8"?>
<testExecutions version="1">
  <file path="/home/andrea/Documenti/Magistrale/Software Engineering 2/SolidarityPurchasingGroup/client/src/__tests__/Login.test.js">
    <testCase name="LoginForm should allow a user to log in" duration="229">
      <failure message="Error: thrown: undefined"><![CDATA[Error: thrown: undefined
    at /home/andrea/Documenti/Magistrale/Software Engineering 2/SolidarityPurchasingGroup/client/src/__tests__/Login.test.js:41:3
    at _dispatchDescribe (/home/andrea/Documenti/Magistrale/Software Engineering 2/SolidarityPurchasingGroup/client/node_modules/jest-circus/build/index.js:67:26)
    at describe (/home/andrea/Documenti/Magistrale/Software Engineering 2/SolidarityPurchasingGroup/client/node_modules/jest-circus/build/index.js:30:5)
    at Object.<anonymous> (/home/andrea/Documenti/Magistrale/Software Engineering 2/SolidarityPurchasingGroup/client/src/__tests__/Login.test.js:39:1)
    at Runtime._execModule (/home/andrea/Documenti/Magistrale/Software Engineering 2/SolidarityPurchasingGroup/client/node_modules/jest-runtime/build/index.js:1299:24)
    at Runtime._loadModule (/home/andrea/Documenti/Magistrale/Software Engineering 2/SolidarityPurchasingGroup/client/node_modules/jest-runtime/build/index.js:898:12)
    at Runtime.requireModule (/home/andrea/Documenti/Magistrale/Software Engineering 2/SolidarityPurchasingGroup/client/node_modules/jest-runtime/build/index.js:746:10)
    at jestAdapter (/home/andrea/Documenti/Magistrale/Software Engineering 2/SolidarityPurchasingGroup/client/node_modules/jest-circus/build/legacy-code-todo-rewrite/jestAdapter.js:106:13)
    at processTicksAndRejections (internal/process/task_queues.js:95:5)
    at runTestInternal (/home/andrea/Documenti/Magistrale/Software Engineering 2/SolidarityPurchasingGroup/client/node_modules/jest-runner/build/runTest.js:380:16)
    at runTest (/home/andrea/Documenti/Magistrale/Software Engineering 2/SolidarityPurchasingGroup/client/node_modules/jest-runner/build/runTest.js:472:34)
    at Object.worker (/home/andrea/Documenti/Magistrale/Software Engineering 2/SolidarityPurchasingGroup/client/node_modules/jest-runner/build/testWorker.js:133:12)]]></failure>
    </testCase>
  </file>
  <file path="/home/andrea/Documenti/Magistrale/Software Engineering 2/SolidarityPurchasingGroup/client/src/__tests__/RegisterPage.test.js">
    <testCase name="Render Check registerpageRender" duration="10"/>
    <testCase name="Render check button submit " duration="5"/>
    <testCase name="Render check button back " duration="2"/>
    <testCase name="changeInput Button submit" duration="45"/>
  </file>
  <file path="/home/andrea/Documenti/Magistrale/Software Engineering 2/SolidarityPurchasingGroup/client/src/__tests__/Market.test.js">
    <testCase name="renders market without crashing" duration="1"/>
    <testCase name="renders market components without crashing" duration="8"/>
    <testCase name="accepts products and client props" duration="1"/>
  </file>
  <file path="/home/andrea/Documenti/Magistrale/Software Engineering 2/SolidarityPurchasingGroup/client/src/__tests__/Basket.test.js">
    <testCase name="renders basket without crashing" duration="3"/>
    <testCase name="renders basket components without crashing" duration="6"/>
    <testCase name="accepts props" duration="2"/>
    <testCase name="basket works with empty basket" duration="1"/>
    <testCase name="state of open basket changes when calling onRequestChange prop" duration="1"/>
    <testCase name="if basket is empty button shop now and form should not appear" duration="2"/>
  </file>
  <file path="/home/andrea/Documenti/Magistrale/Software Engineering 2/SolidarityPurchasingGroup/client/src/__tests__/App.test.js">
    <testCase name="c-getClients" duration="28"/>
    <testCase name="c-addClient" duration="2"/>
    <testCase name="c-getFromId" duration="1"/>
    <testCase name="p-getProducts" duration="374"/>
    <testCase name="p-addProduct" duration="133"/>
    <testCase name="p-getProductsFromCategory" duration="1"/>
    <testCase name="p-updateConfirmed" duration="128"/>
    <testCase name="o-getAllOrders" duration="9"/>
    <testCase name="o-createOrder" duration="3"/>
  </file>
  <file path="/home/andrea/Documenti/Magistrale/Software Engineering 2/SolidarityPurchasingGroup/client/src/__tests__/Product.test.js">
    <testCase name="renders product without crashing" duration="2"/>
    <testCase name="renders market components without crashing" duration="9"/>
    <testCase name="accepts props" duration="2"/>
    <testCase name="product renders  with empty basket" duration="2"/>
    <testCase name="after click it will increase the quantity of product" duration="15"/>
    <testCase name="after click it will decrease the quantity of product" duration="20"/>
  </file>
  <file path="/home/andrea/Documenti/Magistrale/Software Engineering 2/SolidarityPurchasingGroup/client/src/__tests__/Homepage.test.js">
    <testCase name="renders button correctly" duration="12"/>
    <testCase name="includes link to products" duration="39"/>
    <testCase name="includes link to registerform" duration="24"/>
    <testCase name="renders container of the page correctly" duration="13"/>
    <testCase name="renders video correctly" duration="2"/>
  </file>
  <file path="/home/andrea/Documenti/Magistrale/Software Engineering 2/SolidarityPurchasingGroup/client/src/__tests__/AlertWallet.test.js">
    <testCase name="includes link to products" duration="2"/>
    <testCase name="renders button correctly" duration="22"/>
    <testCase name="calls onClick prop when clicked" duration="13"/>
  </file>
  <file path="/home/andrea/Documenti/Magistrale/Software Engineering 2/SolidarityPurchasingGroup/client/src/__tests__/OrderModal.test.js">
    <testCase name="includes link to orders" duration="6"/>
    <testCase name="renders button correctly" duration="7"/>
    <testCase name="calls onClick prop when clicked" duration="9"/>
  </file>
  <file path="/home/andrea/Documenti/Magistrale/Software Engineering 2/SolidarityPurchasingGroup/client/src/__tests__/Wallet.test.js">
    <testCase name="includes link to products" duration="4"/>
    <testCase name="renders button correctly" duration="7"/>
    <testCase name="calls onClick prop when clicked" duration="10"/>
  </file>
  <file path="/home/andrea/Documenti/Magistrale/Software Engineering 2/SolidarityPurchasingGroup/client/src/__tests__/ListOfClients.test.js">
    <testCase name="testing search of a client" duration="206"/>
  </file>
</testExecutions>